Build started 27/05/2013 16:33:23.
     1>Project "O:\tankgame\tankgame\tankgame.vcxproj" on node 2 (build target(s)).
     1>InitializeBuildStatus:
         Creating "Debug\tankgame.unsuccessfulbuild" because "AlwaysCreate" was specified.
       ClCompile:
         g:\Visual Studio\VC\bin\CL.exe /c /ZI /nologo /W3 /WX- /Od /Oy- /D WIN32 /D _DEBUG /D _CONSOLE /D _UNICODE /D UNICODE /Gm /EHsc /RTC1 /MDd /GS /fp:precise /Zc:wchar_t /Zc:forScope /Fo"Debug\\" /Fd"Debug\vc100.pdb" /Gd /TP /analyze- /errorReport:prompt Main.cpp Tank.cpp
         Tank.cpp
         Main.cpp
         Generating Code...
       ManifestResourceCompile:
         All outputs are up-to-date.
       Link:
         g:\Visual Studio\VC\bin\link.exe /ERRORREPORT:PROMPT /OUT:"O:\tankgame\Debug\tankgame.exe" /INCREMENTAL /NOLOGO kernel32.lib user32.lib gdi32.lib winspool.lib comdlg32.lib advapi32.lib shell32.lib ole32.lib oleaut32.lib uuid.lib odbc32.lib odbccp32.lib /MANIFEST /ManifestFile:"Debug\tankgame.exe.intermediate.manifest" /MANIFESTUAC:"level='asInvoker' uiAccess='false'" /DEBUG /PDB:"O:\tankgame\Debug\tankgame.pdb" /SUBSYSTEM:CONSOLE /TLBID:1 /DYNAMICBASE /NXCOMPAT /IMPLIB:"O:\tankgame\Debug\tankgame.lib" /MACHINE:X86 Debug\tankgame.exe.embed.manifest.res
         Debug\Canvas.obj
         Debug\Collisions.obj
         Debug\Computer.obj
         Debug\Main.obj
         Debug\Player.obj
         Debug\RenderableTank.obj
         Debug\RenderableVehicle.obj
         Debug\Tank.obj
         Debug\Vehicle.obj "SOIL.lib" "SDL.lib" "SDLmain.lib" "glew32.lib" "opengl32.lib" 
         SOIL.lib(SOIL.obj) : MSIL .netmodule or module compiled with /GL found; restarting link with /LTCG; add /LTCG to the link command line to improve linker performance
     1>LINK : warning LNK4075: ignoring '/INCREMENTAL' due to '/LTCG' specification
     1>LINK : warning LNK4098: defaultlib 'MSVCRT' conflicts with use of other libs; use /NODEFAULTLIB:library
         Generating code
         Finished generating code
       Manifest:
         C:\Program Files (x86)\Microsoft SDKs\Windows\v7.0A\bin\mt.exe /nologo /verbose /out:"Debug\tankgame.exe.embed.manifest" /manifest Debug\tankgame.exe.intermediate.manifest
         All outputs are up-to-date.
       LinkEmbedManifest:
         All outputs are up-to-date.
         tankgame.vcxproj -> O:\tankgame\Debug\tankgame.exe
       FinalizeBuildStatus:
         Deleting file "Debug\tankgame.unsuccessfulbuild".
         Touching "Debug\tankgame.lastbuildstate".
     1>Done Building Project "O:\tankgame\tankgame\tankgame.vcxproj" (build target(s)).

Build succeeded.

Time Elapsed 00:00:01.83
